<!DOCTYPE html PUBLIC "-//W3C//DTD XHTML 1.1//EN" "http://www.w3.org/TR/xhtml11/DTD/xhtml11.dtd">
<html xmlns="http://www.w3.org/1999/xhtml"><head><title>TestNG Report</title><style type="text/css">table {margin-bottom:10px;border-collapse:collapse;empty-cells:show}th,td {border:1px solid #009;padding:.25em .5em}th {vertical-align:bottom}td {vertical-align:top}table a {font-weight:bold}.stripe td {background-color: #E6EBF9}.num {text-align:right}.passedodd td {background-color: #3F3}.passedeven td {background-color: #0A0}.skippedodd td {background-color: #DDD}.skippedeven td {background-color: #CCC}.failedodd td,.attn {background-color: #F33}.failedeven td,.stripe .attn {background-color: #D00}.stacktrace {white-space:pre;font-family:monospace}.totop {font-size:85%;text-align:center;border-bottom:2px solid #000}</style></head><body><table><tr><th>Test</th><th># Passed</th><th># Skipped</th><th># Failed</th><th>Time (ms)</th><th>Included Groups</th><th>Excluded Groups</th></tr><tr><th colspan="7">automationpractice</th></tr><tr><td><a href="#t0">RegressionTesting</a></td><td class="num">2</td><td class="num">0</td><td class="num attn">2</td><td class="num">104,100</td><td>regression, smoke</td><td></td></tr></table><table><thead><tr><th>Class</th><th>Method</th><th>Start</th><th>Time (ms)</th></tr></thead><tbody><tr><th colspan="4">automationpractice</th></tr></tbody><tbody id="t0"><tr><th colspan="4">RegressionTesting &#8212; failed</th></tr><tr class="failedeven"><td rowspan="2">com.automationpractice.testcases.Womens</td><td><a href="#m0">addtocartitemwithcartbutton</a></td><td rowspan="2">1602298933794</td><td rowspan="2">24149</td></tr><tr class="failedeven"><td><a href="#m1">addtocartitemwithcartbutton</a></td></tr><tr><th colspan="4">RegressionTesting &#8212; passed</th></tr><tr class="passedeven"><td rowspan="1">com.automationpractice.testcases.ContactUs</td><td><a href="#m2">verifysentmessage</a></td><td rowspan="1">1602298868811</td><td rowspan="1">4836</td></tr><tr class="passedodd"><td rowspan="1">com.automationpractice.testcases.Womens</td><td><a href="#m3">additemtocartthroughquickview</a></td><td rowspan="1">1602298877118</td><td rowspan="1">7176</td></tr></tbody></table><h2>RegressionTesting</h2><h3 id="m0">com.automationpractice.testcases.Womens#addtocartitemwithcartbutton</h3><table class="result"><tr><th>Messages</th></tr><tr><td><div class="messages">&lt;a href=&apos;C:\Users\Lenovo\Documents\SudhakarProject\target\surefire-reports\failure_screenshots\addtocartitemwithcartbutton_10_10_2020_08_32_37.png&apos;&gt; &lt;img src=&apos;C:\Users\Lenovo\Documents\SudhakarProject\target\surefire-reports\failure_screenshots\addtocartitemwithcartbutton_10_10_2020_08_32_37.png&apos; height=&apos;100&apos; width=&apos;100&apos;/&gt; &lt;/a&gt;</div></td></tr><tr><th>Exception</th></tr><tr><td><div class="stacktrace">org.openqa.selenium.NoSuchElementException: no such element: Unable to locate element: {&quot;method&quot;:&quot;xpath&quot;,&quot;selector&quot;:&quot;//*[@id=&apos;center_column&apos;]/ul/li/div/div[2]/div[2]/a[3]&quot;}
  (Session info: chrome=85.0.4183.121)
  (Driver info: chromedriver=2.38.552522 (437e6fbedfa8762dec75e2c5b3ddb86763dc9dcb),platform=Windows NT 6.1.7601 SP1 x86_64) (WARNING: The server did not provide any stacktrace information)
Command duration or timeout: 0 milliseconds
For documentation on this error, please visit: https://www.seleniumhq.org/exceptions/no_such_element.html
Build info: version: &apos;3.141.59&apos;, revision: &apos;e82be7d358&apos;, time: &apos;2018-11-14T08:25:53&apos;
System info: host: &apos;LENOVO-PC&apos;, ip: &apos;192.168.1.3&apos;, os.name: &apos;Windows 7&apos;, os.arch: &apos;amd64&apos;, os.version: &apos;6.1&apos;, java.version: &apos;1.8.0_121&apos;
Driver info: org.openqa.selenium.chrome.ChromeDriver
Capabilities {acceptInsecureCerts: false, acceptSslCerts: false, applicationCacheEnabled: false, browserConnectionEnabled: false, browserName: chrome, chrome: {chromedriverVersion: 2.38.552522 (437e6fbedfa876..., userDataDir: C:\Users\Lenovo\AppData\Loc...}, cssSelectorsEnabled: true, databaseEnabled: false, handlesAlerts: true, hasTouchScreen: false, javascriptEnabled: true, locationContextEnabled: true, mobileEmulationEnabled: false, nativeEvents: true, networkConnectionEnabled: false, pageLoadStrategy: normal, platform: XP, platformName: XP, rotatable: false, setWindowRect: true, takesHeapSnapshot: true, takesScreenshot: true, unexpectedAlertBehaviour: , unhandledPromptBehavior: , version: 85.0.4183.121, webStorageEnabled: true}
Session ID: 7ceef146bf32749805cb264fa0181920
*** Element info: {Using=xpath, value=//*[@id=&apos;center_column&apos;]/ul/li/div/div[2]/div[2]/a[3]}
	at org.openqa.selenium.remote.ErrorHandler.createThrowable(ErrorHandler.java:214)
	at org.openqa.selenium.remote.ErrorHandler.throwIfResponseFailed(ErrorHandler.java:166)
	at org.openqa.selenium.remote.http.JsonHttpResponseCodec.reconstructValue(JsonHttpResponseCodec.java:40)
	at org.openqa.selenium.remote.http.AbstractHttpResponseCodec.decode(AbstractHttpResponseCodec.java:80)
	at org.openqa.selenium.remote.http.AbstractHttpResponseCodec.decode(AbstractHttpResponseCodec.java:44)
	at org.openqa.selenium.remote.HttpCommandExecutor.execute(HttpCommandExecutor.java:158)
	at org.openqa.selenium.remote.service.DriverCommandExecutor.execute(DriverCommandExecutor.java:83)
	at org.openqa.selenium.remote.RemoteWebDriver.execute(RemoteWebDriver.java:552)
	at org.openqa.selenium.remote.RemoteWebDriver.findElement(RemoteWebDriver.java:323)
	at org.openqa.selenium.remote.RemoteWebDriver.findElementByXPath(RemoteWebDriver.java:428)
	at org.openqa.selenium.By$ByXPath.findElement(By.java:353)
	at org.openqa.selenium.remote.RemoteWebDriver.findElement(RemoteWebDriver.java:315)
	at com.selenium.businesscripts.Reusable.click(Reusable.java:71)
	at com.automationpractice.testcases.Womens.addtocartitemwithcartbutton(Womens.java:39)
... Removed 28 stack frames</div></td></tr></table><p class="totop"><a href="#summary">back to summary</a></p><h3 id="m1">com.automationpractice.testcases.Womens#addtocartitemwithcartbutton</h3><table class="result"><tr><th>Messages</th></tr><tr><td><div class="messages">&lt;a href=&apos;C:\Users\Lenovo\Documents\SudhakarProject\target\surefire-reports\failure_screenshots\addtocartitemwithcartbutton_10_10_2020_08_32_13.png&apos;&gt; &lt;img src=&apos;C:\Users\Lenovo\Documents\SudhakarProject\target\surefire-reports\failure_screenshots\addtocartitemwithcartbutton_10_10_2020_08_32_13.png&apos; height=&apos;100&apos; width=&apos;100&apos;/&gt; &lt;/a&gt;</div></td></tr><tr><th>Exception</th></tr><tr><td><div class="stacktrace">org.openqa.selenium.NoSuchElementException: no such element: Unable to locate element: {&quot;method&quot;:&quot;xpath&quot;,&quot;selector&quot;:&quot;//*[@id=&apos;center_column&apos;]/ul/li/div/div[2]/div[2]/a[3]&quot;}
  (Session info: chrome=85.0.4183.121)
  (Driver info: chromedriver=2.38.552522 (437e6fbedfa8762dec75e2c5b3ddb86763dc9dcb),platform=Windows NT 6.1.7601 SP1 x86_64) (WARNING: The server did not provide any stacktrace information)
Command duration or timeout: 0 milliseconds
For documentation on this error, please visit: https://www.seleniumhq.org/exceptions/no_such_element.html
Build info: version: &apos;3.141.59&apos;, revision: &apos;e82be7d358&apos;, time: &apos;2018-11-14T08:25:53&apos;
System info: host: &apos;LENOVO-PC&apos;, ip: &apos;192.168.1.3&apos;, os.name: &apos;Windows 7&apos;, os.arch: &apos;amd64&apos;, os.version: &apos;6.1&apos;, java.version: &apos;1.8.0_121&apos;
Driver info: org.openqa.selenium.chrome.ChromeDriver
Capabilities {acceptInsecureCerts: false, acceptSslCerts: false, applicationCacheEnabled: false, browserConnectionEnabled: false, browserName: chrome, chrome: {chromedriverVersion: 2.38.552522 (437e6fbedfa876..., userDataDir: C:\Users\Lenovo\AppData\Loc...}, cssSelectorsEnabled: true, databaseEnabled: false, handlesAlerts: true, hasTouchScreen: false, javascriptEnabled: true, locationContextEnabled: true, mobileEmulationEnabled: false, nativeEvents: true, networkConnectionEnabled: false, pageLoadStrategy: normal, platform: XP, platformName: XP, rotatable: false, setWindowRect: true, takesHeapSnapshot: true, takesScreenshot: true, unexpectedAlertBehaviour: , unhandledPromptBehavior: , version: 85.0.4183.121, webStorageEnabled: true}
Session ID: 7ceef146bf32749805cb264fa0181920
*** Element info: {Using=xpath, value=//*[@id=&apos;center_column&apos;]/ul/li/div/div[2]/div[2]/a[3]}
	at org.openqa.selenium.remote.ErrorHandler.createThrowable(ErrorHandler.java:214)
	at org.openqa.selenium.remote.ErrorHandler.throwIfResponseFailed(ErrorHandler.java:166)
	at org.openqa.selenium.remote.http.JsonHttpResponseCodec.reconstructValue(JsonHttpResponseCodec.java:40)
	at org.openqa.selenium.remote.http.AbstractHttpResponseCodec.decode(AbstractHttpResponseCodec.java:80)
	at org.openqa.selenium.remote.http.AbstractHttpResponseCodec.decode(AbstractHttpResponseCodec.java:44)
	at org.openqa.selenium.remote.HttpCommandExecutor.execute(HttpCommandExecutor.java:158)
	at org.openqa.selenium.remote.service.DriverCommandExecutor.execute(DriverCommandExecutor.java:83)
	at org.openqa.selenium.remote.RemoteWebDriver.execute(RemoteWebDriver.java:552)
	at org.openqa.selenium.remote.RemoteWebDriver.findElement(RemoteWebDriver.java:323)
	at org.openqa.selenium.remote.RemoteWebDriver.findElementByXPath(RemoteWebDriver.java:428)
	at org.openqa.selenium.By$ByXPath.findElement(By.java:353)
	at org.openqa.selenium.remote.RemoteWebDriver.findElement(RemoteWebDriver.java:315)
	at com.selenium.businesscripts.Reusable.click(Reusable.java:71)
	at com.automationpractice.testcases.Womens.addtocartitemwithcartbutton(Womens.java:39)
... Removed 28 stack frames</div></td></tr></table><p class="totop"><a href="#summary">back to summary</a></p><h3 id="m2">com.automationpractice.testcases.ContactUs#verifysentmessage</h3><table class="result"></table><p class="totop"><a href="#summary">back to summary</a></p><h3 id="m3">com.automationpractice.testcases.Womens#additemtocartthroughquickview</h3><table class="result"></table><p class="totop"><a href="#summary">back to summary</a></p></body></html>