<?xml version="1.0" encoding="UTF-8"?>
<!-- Generated by org.testng.reporters.JUnitXMLReporter -->
<testsuite hostname="Lenovo-PC" name="RegressionTesting" tests="5" failures="3" timestamp="11 Oct 2020 03:07:20 GMT" time="59.186" errors="0">
  <testcase name="verifysentmessage" time="2.272" classname="com.automationpractice.testcases.ContactUs">
    <failure type="java.lang.NullPointerException">
      <![CDATA[java.lang.NullPointerException
	at com.selenium.businesscripts.Reusable.dropdownselection(Reusable.java:111)
	at com.automationpractice.testcases.ContactUs.verifysentmessage(ContactUs.java:21)
... Removed 24 stack frames]]>
    </failure>
  </testcase> <!-- verifysentmessage -->
  <testcase name="verifysentmessage" time="1.672" classname="com.automationpractice.testcases.ContactUs">
    <failure type="java.lang.NullPointerException">
      <![CDATA[java.lang.NullPointerException
	at com.selenium.businesscripts.Reusable.dropdownselection(Reusable.java:111)
	at com.automationpractice.testcases.ContactUs.verifysentmessage(ContactUs.java:21)
... Removed 24 stack frames]]>
    </failure>
  </testcase> <!-- verifysentmessage -->
  <testcase name="verifysentmessage" time="1.43" classname="com.automationpractice.testcases.ContactUs">
    <failure type="java.lang.NullPointerException">
      <![CDATA[java.lang.NullPointerException
	at com.selenium.businesscripts.Reusable.dropdownselection(Reusable.java:111)
	at com.automationpractice.testcases.ContactUs.verifysentmessage(ContactUs.java:21)
... Removed 24 stack frames]]>
    </failure>
  </testcase> <!-- verifysentmessage -->
  <testcase name="additemtocartthroughquickview" time="6.956" classname="com.automationpractice.testcases.Womens"/>
  <testcase name="addtocartitemwithcartbutton" time="28.25" classname="com.automationpractice.testcases.Womens"/>
</testsuite> <!-- RegressionTesting -->
